<?xml version="1.0" encoding="utf-8" standalone="no"?>
<!--This file represents the results of running a test suite-->
<test-results name="E:\FENGXIAO\xima_desktop1\xima_desktop\desktop\Test\XIMALAYA.PCDesktop.NUnitTest\bin\Debug\XIMALAYA.PCDesktop.NUnitTest.dll" total="1" errors="0" failures="0" not-run="0" inconclusive="0" ignored="0" skipped="0" invalid="0" date="2014-07-10" time="11:13:31">
  <environment nunit-version="2.6.3.13283" clr-version="2.0.50727.5477" os-version="Microsoft Windows NT 6.1.7601 Service Pack 1" platform="Win32NT" cwd="E:\FENGXIAO\xima_desktop1\xima_desktop\desktop\Test\XIMALAYA.PCDesktop.NUnitTest\bin\Debug" machine-name="XIMA-NICK01" user="nick" user-domain="ZDJT" />
  <culture-info current-culture="zh-CN" current-uiculture="zh-CN" />
  <test-suite type="Assembly" name="E:\FENGXIAO\xima_desktop1\xima_desktop\desktop\Test\XIMALAYA.PCDesktop.NUnitTest\bin\Debug\XIMALAYA.PCDesktop.NUnitTest.dll" executed="True" result="Success" success="True" time="0.204" asserts="0">
    <results>
      <test-suite type="Namespace" name="XIMALAYA" executed="True" result="Success" success="True" time="0.188" asserts="0">
        <results>
          <test-suite type="Namespace" name="PCDesktop" executed="True" result="Success" success="True" time="0.187" asserts="0">
            <results>
              <test-suite type="Namespace" name="NUnitTest" executed="True" result="Success" success="True" time="0.186" asserts="0">
                <results>
                  <test-suite type="TestFixture" name="TestBaseParam" executed="True" result="Success" success="True" time="0.183" asserts="0">
                    <results>
                      <test-case name="XIMALAYA.PCDesktop.NUnitTest.TestBaseParam.TestBaseParamCase1" executed="True" result="Success" success="True" time="0.168" asserts="2" />
                    </results>
                  </test-suite>
                </results>
              </test-suite>
            </results>
          </test-suite>
        </results>
      </test-suite>
    </results>
  </test-suite>
</test-results>